TN:
SF:/Users/WilliamRoy 1/columbia/GitHub/cra-express-travis-ci/server.js
FN:32,(anonymous_0)
FN:43,(anonymous_1)
FNF:2
FNH:1
FNDA:0,(anonymous_0)
FNDA:1,(anonymous_1)
DA:9,1
DA:10,1
DA:11,1
DA:12,1
DA:14,1
DA:16,1
DA:18,1
DA:19,1
DA:21,1
DA:24,1
DA:27,1
DA:28,0
DA:32,1
DA:43,1
DA:44,1
DA:47,1
LF:16
LH:15
BRDA:21,0,0,1
BRDA:21,0,1,1
BRDA:27,1,0,0
BRDA:27,1,1,1
BRF:4
BRH:3
end_of_record
TN:
SF:/Users/WilliamRoy 1/columbia/GitHub/cra-express-travis-ci/config/config.js
FNF:0
FNH:0
DA:1,1
DA:3,1
LF:2
LH:2
BRF:0
BRH:0
end_of_record
TN:
SF:/Users/WilliamRoy 1/columbia/GitHub/cra-express-travis-ci/controllers/RecordController.js
FNF:0
FNH:0
DA:1,1
DA:2,1
DA:4,1
DA:10,1
DA:11,1
DA:13,0
DA:17,0
DA:24,1
DA:30,1
DA:33,0
DA:42,1
DA:47,2
DA:48,1
DA:50,1
DA:54,0
DA:63,1
DA:70,2
DA:71,1
DA:73,1
DA:77,0
DA:86,1
DA:93,2
DA:94,1
DA:96,1
DA:100,0
DA:106,1
LF:26
LH:20
BRDA:10,0,0,1
BRDA:10,0,1,0
BRDA:23,1,0,2
BRDA:23,1,1,1
BRDA:23,1,2,1
BRDA:47,2,0,1
BRDA:47,2,1,1
BRDA:70,3,0,1
BRDA:70,3,1,1
BRDA:93,4,0,1
BRDA:93,4,1,1
BRF:11
BRH:10
end_of_record
TN:
SF:/Users/WilliamRoy 1/columbia/GitHub/cra-express-travis-ci/models/index.js
FN:42,(anonymous_0)
FN:46,(anonymous_1)
FN:51,(anonymous_2)
FNF:3
FNH:3
FNDA:2,(anonymous_0)
FNDA:1,(anonymous_1)
FNDA:1,(anonymous_2)
DA:1,1
DA:2,1
DA:3,1
DA:4,1
DA:6,1
DA:7,1
DA:9,1
DA:11,1
DA:13,1
DA:16,1
DA:17,0
DA:20,0
DA:35,1
DA:40,1
DA:43,2
DA:47,1
DA:48,1
DA:51,1
DA:52,1
DA:53,0
DA:57,1
DA:58,1
DA:60,1
LF:23
LH:20
BRDA:7,0,0,1
BRDA:7,0,1,0
BRDA:16,1,0,0
BRDA:16,1,1,1
BRDA:43,2,0,2
BRDA:43,2,1,2
BRDA:43,2,2,1
BRDA:52,3,0,0
BRDA:52,3,1,1
BRF:9
BRH:6
end_of_record
TN:
SF:/Users/WilliamRoy 1/columbia/GitHub/cra-express-travis-ci/models/record.js
FN:1,(anonymous_0)
FNF:1
FNH:1
FNDA:1,(anonymous_0)
DA:1,1
DA:2,1
DA:16,1
LF:3
LH:3
BRF:0
BRH:0
end_of_record
TN:
SF:/Users/WilliamRoy 1/columbia/GitHub/cra-express-travis-ci/routes/RecordRoutes.js
FNF:0
FNH:0
DA:1,1
DA:2,1
DA:4,1
DA:6,1
DA:7,1
DA:8,1
DA:9,1
DA:10,1
DA:12,1
LF:9
LH:9
BRF:0
BRH:0
end_of_record
TN:
SF:/Users/WilliamRoy 1/columbia/GitHub/cra-express-travis-ci/services/RecordService.js
FNF:0
FNH:0
DA:1,1
DA:66,1
LF:2
LH:2
BRF:0
BRH:0
end_of_record
TN:
SF:/Users/WilliamRoy 1/columbia/GitHub/cra-express-travis-ci/utils/Utils.js
FN:2,Util
FN:9,setSuccess
FN:16,setError
FN:22,send
FNF:4
FNH:4
FNDA:1,Util
FNDA:5,setSuccess
FNDA:7,setError
FNDA:12,send
DA:2,1
DA:3,1
DA:4,1
DA:5,1
DA:6,1
DA:10,5
DA:11,5
DA:12,5
DA:13,5
DA:17,7
DA:18,7
DA:19,7
DA:23,12
DA:29,12
DA:30,5
DA:32,7
LF:16
LH:16
BRDA:29,0,0,5
BRDA:29,0,1,7
BRF:2
BRH:2
end_of_record
